2025-07-24 16:29:36 [32minfo[39m: PostgreSQL connected successfully
2025-07-24 16:29:37 [32minfo[39m: MongoDB connected successfully
2025-07-24 16:29:37 [32minfo[39m: All databases initialized successfully
2025-07-24 16:29:37 [32minfo[39m: Server is running on port 5000
2025-07-24 16:30:31 [32minfo[39m: User logged in: user_3
2025-07-24 16:30:39 [32minfo[39m: User logged in: admin
2025-07-24 16:31:20 [32minfo[39m: PostgreSQL connected successfully
2025-07-24 16:31:20 [32minfo[39m: MongoDB connected successfully
2025-07-24 16:31:20 [32minfo[39m: All databases initialized successfully
2025-07-24 16:31:20 [32minfo[39m: Server is running on port 5000
2025-07-24 16:31:23 [32minfo[39m: PostgreSQL connected successfully
2025-07-24 16:31:23 [32minfo[39m: MongoDB connected successfully
2025-07-24 16:31:23 [32minfo[39m: All databases initialized successfully
2025-07-24 16:31:23 [32minfo[39m: Server is running on port 5000
2025-07-24 16:31:49 [31merror[39m: Error creating place: PlaceModel.create is not a function
2025-07-24 16:32:40 [32minfo[39m: PostgreSQL connected successfully
2025-07-24 16:32:42 [32minfo[39m: PostgreSQL connected successfully
2025-07-24 16:32:43 [32minfo[39m: MongoDB connected successfully
2025-07-24 16:32:43 [32minfo[39m: All databases initialized successfully
2025-07-24 16:32:43 [32minfo[39m: Server is running on port 5000
2025-07-24 16:32:47 [32minfo[39m: PostgreSQL connected successfully
2025-07-24 16:32:47 [32minfo[39m: MongoDB connected successfully
2025-07-24 16:32:47 [32minfo[39m: All databases initialized successfully
2025-07-24 16:32:47 [32minfo[39m: Server is running on port 5000
2025-07-24 16:32:53 [32minfo[39m: PostgreSQL connected successfully
2025-07-24 16:32:54 [32minfo[39m: MongoDB connected successfully
2025-07-24 16:32:54 [32minfo[39m: All databases initialized successfully
2025-07-24 16:32:54 [32minfo[39m: Server is running on port 5000
2025-07-24 16:32:59 [32minfo[39m: PostgreSQL connected successfully
2025-07-24 16:33:00 [32minfo[39m: MongoDB connected successfully
2025-07-24 16:33:00 [32minfo[39m: All databases initialized successfully
2025-07-24 16:33:00 [32minfo[39m: Server is running on port 5000
2025-07-24 16:33:02 [32minfo[39m: PostgreSQL connected successfully
2025-07-24 16:33:03 [32minfo[39m: MongoDB connected successfully
2025-07-24 16:33:03 [32minfo[39m: All databases initialized successfully
2025-07-24 16:33:03 [32minfo[39m: Server is running on port 5000
2025-07-24 16:33:06 [32minfo[39m: PostgreSQL connected successfully
2025-07-24 16:33:07 [32minfo[39m: MongoDB connected successfully
2025-07-24 16:33:07 [32minfo[39m: All databases initialized successfully
2025-07-24 16:33:07 [32minfo[39m: Server is running on port 5000
2025-07-24 16:33:11 [32minfo[39m: PostgreSQL connected successfully
2025-07-24 16:33:12 [32minfo[39m: PostgreSQL connected successfully
2025-07-24 16:33:13 [32minfo[39m: MongoDB connected successfully
2025-07-24 16:33:13 [32minfo[39m: All databases initialized successfully
2025-07-24 16:33:13 [32minfo[39m: Server is running on port 5000
2025-07-24 16:34:08 [32minfo[39m: PostgreSQL connected successfully
2025-07-24 16:34:09 [32minfo[39m: MongoDB connected successfully
2025-07-24 16:34:09 [32minfo[39m: All databases initialized successfully
2025-07-24 16:34:09 [32minfo[39m: Server is running on port 5000
2025-07-24 16:34:40 [32minfo[39m: PostgreSQL connected successfully
2025-07-24 16:34:41 [32minfo[39m: MongoDB connected successfully
2025-07-24 16:34:41 [32minfo[39m: All databases initialized successfully
2025-07-24 16:34:41 [32minfo[39m: Server is running on port 5000
2025-07-24 16:39:23 [32minfo[39m: User logged in: admin
2025-07-24 16:39:24 [32minfo[39m: User logged in: admin
2025-07-24 16:39:24 [32minfo[39m: User logged in: admin
2025-07-24 16:39:24 [32minfo[39m: User logged in: admin
2025-07-24 16:39:24 [32minfo[39m: User logged in: admin
2025-07-24 16:39:26 [32minfo[39m: User logged in: admin
2025-07-24 16:39:26 [32minfo[39m: User logged in: admin
2025-07-24 16:39:27 [32minfo[39m: User logged in: admin
2025-07-24 16:39:27 [32minfo[39m: User logged in: admin
2025-07-24 16:39:27 [32minfo[39m: User logged in: admin
2025-07-24 16:39:27 [32minfo[39m: User logged in: admin
2025-07-24 16:39:29 [32minfo[39m: User logged in: admin
2025-07-24 16:45:24 [32minfo[39m: PostgreSQL connected successfully
2025-07-24 16:45:25 [32minfo[39m: MongoDB connected successfully
2025-07-24 16:45:25 [32minfo[39m: All databases initialized successfully
2025-07-24 16:45:25 [32minfo[39m: Server is running on port 5000
2025-07-24 16:45:29 [32minfo[39m: Service: Created place: Тестовая точка
2025-07-24 16:47:45 [32minfo[39m: User logged in: admin
2025-07-24 16:47:46 [32minfo[39m: User logged in: admin
2025-07-24 16:47:46 [32minfo[39m: User logged in: admin
2025-07-24 16:47:46 [32minfo[39m: User logged in: admin
2025-07-24 16:52:11 [32minfo[39m: User logged in: admin
2025-07-24 16:52:11 [32minfo[39m: User logged in: admin
2025-07-24 16:52:12 [32minfo[39m: User logged in: admin
2025-07-24 16:52:12 [32minfo[39m: User logged in: admin
2025-07-24 16:52:12 [32minfo[39m: User logged in: admin
2025-07-24 16:52:14 [32minfo[39m: User logged in: admin
2025-07-24 16:54:47 [32minfo[39m: PostgreSQL connected successfully
2025-07-24 16:54:48 [32minfo[39m: MongoDB connected successfully
2025-07-24 16:54:48 [32minfo[39m: All databases initialized successfully
2025-07-24 16:54:48 [32minfo[39m: Server is running on port 5000
2025-07-24 16:56:20 [32minfo[39m: User logged in: admin
2025-07-24 17:05:52 [32minfo[39m: PostgreSQL connected successfully
2025-07-24 17:05:53 [32minfo[39m: MongoDB connected successfully
2025-07-24 17:05:53 [32minfo[39m: All databases initialized successfully
2025-07-24 17:05:53 [32minfo[39m: Server is running on port 5000
2025-07-24 17:05:57 [32minfo[39m: Fetched 11 users
2025-07-24 17:17:19 [32minfo[39m: PostgreSQL connected successfully
2025-07-24 17:17:20 [32minfo[39m: MongoDB connected successfully
2025-07-24 17:17:20 [32minfo[39m: All databases initialized successfully
2025-07-24 17:17:20 [32minfo[39m: Server is running on port 5000
2025-07-24 17:17:25 [31merror[39m: Error registering user: Пользователь с таким логином уже существует
2025-07-24 17:19:51 [31merror[39m: Error registering user: Пользователь с таким логином уже существует
2025-07-24 17:26:48 [31merror[39m: Error registering user: Пользователь с таким логином уже существует
2025-07-24 17:27:07 [32minfo[39m: User logged in: admin
2025-07-24 17:27:49 [32minfo[39m: User logged in: admin
2025-07-24 17:36:22 [32minfo[39m: PostgreSQL connected successfully
2025-07-24 17:36:23 [32minfo[39m: MongoDB connected successfully
2025-07-24 17:36:23 [32minfo[39m: All databases initialized successfully
2025-07-24 17:36:23 [32minfo[39m: Server is running on port 5000
2025-07-24 17:36:57 [32minfo[39m: PostgreSQL connected successfully
2025-07-24 17:36:57 [32minfo[39m: MongoDB connected successfully
2025-07-24 17:36:57 [32minfo[39m: All databases initialized successfully
2025-07-24 17:36:57 [32minfo[39m: Server is running on port 5000
2025-07-24 17:36:59 [32minfo[39m: PostgreSQL connected successfully
2025-07-24 17:37:00 [32minfo[39m: MongoDB connected successfully
2025-07-24 17:37:00 [32minfo[39m: All databases initialized successfully
2025-07-24 17:37:00 [32minfo[39m: Server is running on port 5000
2025-07-24 17:37:00 [32minfo[39m: User logged in: admin
2025-07-24 17:37:00 [31merror[39m: Error logging in user: user_data is not defined
2025-07-24 17:37:24 [32minfo[39m: PostgreSQL connected successfully
2025-07-24 17:37:24 [32minfo[39m: MongoDB connected successfully
2025-07-24 17:37:24 [32minfo[39m: All databases initialized successfully
2025-07-24 17:37:25 [32minfo[39m: Server is running on port 5000
2025-07-24 17:37:29 [32minfo[39m: User logged in: admin
2025-07-24 17:37:41 [32minfo[39m: Service: Created place: Тестовая точка
2025-07-24 17:38:12 [32minfo[39m: PostgreSQL connected successfully
2025-07-24 17:38:13 [32minfo[39m: MongoDB connected successfully
2025-07-24 17:38:13 [32minfo[39m: All databases initialized successfully
2025-07-24 17:38:13 [32minfo[39m: Server is running on port 5000
2025-07-24 17:38:44 [32minfo[39m: User logged in: admin
2025-07-24 17:40:08 [32minfo[39m: User logged in: admin
2025-07-24 17:41:51 [31merror[39m: Error registering user: Пользователь с таким логином уже существует
2025-07-24 17:41:53 [31merror[39m: Error registering user: Пользователь с таким логином уже существует
2025-07-24 17:42:08 [31merror[39m: Error registering user: Пользователь с таким логином уже существует
2025-07-24 17:43:00 [32minfo[39m: User logged in: user_3
2025-07-24 17:43:24 [31merror[39m: Error registering user: Пользователь с таким логином уже существует
2025-07-24 17:43:53 [31merror[39m: Error registering user: Пользователь с таким логином уже существует
2025-07-24 17:44:35 [31merror[39m: Error registering user: Пользователь с таким логином уже существует
2025-07-24 17:45:14 [31merror[39m: Error registering user: Пользователь с таким логином уже существует
2025-07-24 17:45:46 [31merror[39m: Error registering user: Пользователь с таким логином уже существует
2025-07-24 17:46:32 [31merror[39m: Error registering user: Пользователь с таким логином уже существует
2025-07-24 17:48:01 [31merror[39m: Error registering user: Пользователь с таким логином уже существует
2025-07-24 17:48:24 [31merror[39m: Error registering user: Пользователь с таким логином уже существует
2025-07-24 17:48:37 [31merror[39m: Error logging in user: Пользователь с таким логином не найден
2025-07-24 17:49:04 [32minfo[39m: User logged in: admin
2025-07-24 18:25:11 [31merror[39m: Error logging in user: Пользователь с таким логином не найден
2025-07-24 18:25:37 [31merror[39m: Error logging in user: Введён неверный пароль
2025-07-24 18:25:43 [31merror[39m: Error logging in user: Введён неверный пароль
2025-07-24 18:25:43 [31merror[39m: Error logging in user: Введён неверный пароль
2025-07-24 18:25:46 [31merror[39m: Error logging in user: Введён неверный пароль
2025-07-24 18:25:47 [31merror[39m: Error logging in user: Введён неверный пароль
2025-07-24 18:26:33 [31merror[39m: Error logging in user: Введён неверный пароль
2025-07-24 18:26:34 [31merror[39m: Error logging in user: Введён неверный пароль
2025-07-24 18:26:35 [31merror[39m: Error logging in user: Введён неверный пароль
2025-07-24 18:26:35 [31merror[39m: Error logging in user: Введён неверный пароль
2025-07-24 18:26:36 [31merror[39m: Error logging in user: Введён неверный пароль
2025-07-24 18:26:38 [31merror[39m: Error logging in user: Введён неверный пароль
2025-07-24 18:26:43 [31merror[39m: Error logging in user: Введён неверный пароль
2025-07-24 18:27:37 [31merror[39m: Error logging in user: Введён неверный пароль
2025-07-24 18:27:38 [31merror[39m: Error logging in user: Введён неверный пароль
2025-07-24 18:27:39 [31merror[39m: Error logging in user: Введён неверный пароль
2025-07-24 18:27:39 [31merror[39m: Error logging in user: Введён неверный пароль
2025-07-24 18:27:40 [31merror[39m: Error logging in user: Введён неверный пароль
2025-07-24 18:27:42 [31merror[39m: Error logging in user: Введён неверный пароль
2025-07-24 18:27:44 [31merror[39m: Error logging in user: Введён неверный пароль
2025-07-24 18:28:14 [31merror[39m: Error logging in user: Введён неверный пароль
2025-07-24 18:28:16 [31merror[39m: Error logging in user: Введён неверный пароль
2025-07-24 18:28:21 [31merror[39m: Error logging in user: Введён неверный пароль
2025-07-24 18:28:26 [31merror[39m: Error logging in user: Введён неверный пароль
2025-07-24 18:28:27 [31merror[39m: Error logging in user: Введён неверный пароль
2025-07-24 18:28:27 [31merror[39m: Error logging in user: Введён неверный пароль
2025-07-24 18:28:28 [31merror[39m: Error logging in user: Введён неверный пароль
2025-07-24 18:28:28 [31merror[39m: Error logging in user: Введён неверный пароль
2025-07-24 18:28:28 [31merror[39m: Error logging in user: Введён неверный пароль
2025-07-24 18:28:28 [31merror[39m: Error logging in user: Введён неверный пароль
2025-07-24 18:28:29 [31merror[39m: Error logging in user: Введён неверный пароль
2025-07-24 18:28:29 [31merror[39m: Error logging in user: Введён неверный пароль
2025-07-24 18:28:32 [31merror[39m: Error logging in user: Введён неверный пароль
2025-07-24 18:28:39 [31merror[39m: Error logging in user: Введён неверный пароль
2025-07-24 18:28:59 [31merror[39m: Error logging in user: Введён неверный пароль
2025-07-24 18:29:00 [31merror[39m: Error logging in user: Введён неверный пароль
2025-07-24 18:29:00 [31merror[39m: Error logging in user: Введён неверный пароль
2025-07-24 18:29:01 [31merror[39m: Error logging in user: Введён неверный пароль
2025-07-24 18:29:02 [31merror[39m: Error logging in user: Введён неверный пароль
2025-07-24 18:30:07 [31merror[39m: Error logging in user: Введён неверный пароль
2025-07-24 18:30:08 [31merror[39m: Error logging in user: Введён неверный пароль
2025-07-24 18:30:13 [31merror[39m: Error logging in user: Введён неверный пароль
2025-07-24 18:30:14 [31merror[39m: Error logging in user: Введён неверный пароль
2025-07-24 18:30:14 [31merror[39m: Error logging in user: Введён неверный пароль
2025-07-24 18:30:15 [31merror[39m: Error logging in user: Введён неверный пароль
2025-07-24 18:30:16 [31merror[39m: Error logging in user: Введён неверный пароль
2025-07-24 18:30:17 [31merror[39m: Error logging in user: Введён неверный пароль
2025-07-24 18:30:18 [31merror[39m: Error logging in user: Введён неверный пароль
2025-07-24 18:30:20 [31merror[39m: Error logging in user: Введён неверный пароль
2025-07-24 18:30:27 [31merror[39m: Error logging in user: Введён неверный пароль
2025-07-24 18:30:28 [31merror[39m: Error logging in user: Введён неверный пароль
2025-07-24 18:30:28 [31merror[39m: Error logging in user: Введён неверный пароль
2025-07-24 18:30:29 [31merror[39m: Error logging in user: Введён неверный пароль
2025-07-24 18:30:31 [31merror[39m: Error logging in user: Введён неверный пароль
2025-07-24 18:30:31 [31merror[39m: Error logging in user: Введён неверный пароль
2025-07-24 18:30:32 [31merror[39m: Error logging in user: Введён неверный пароль
2025-07-24 18:30:32 [31merror[39m: Error logging in user: Введён неверный пароль
2025-07-24 18:30:32 [31merror[39m: Error logging in user: Введён неверный пароль
2025-07-24 18:30:33 [31merror[39m: Error logging in user: Введён неверный пароль
2025-07-24 18:30:33 [31merror[39m: Error logging in user: Введён неверный пароль
2025-07-24 18:30:34 [31merror[39m: Error logging in user: Введён неверный пароль
2025-07-24 18:31:08 [31merror[39m: Error logging in user: Введён неверный пароль
2025-07-24 18:31:09 [31merror[39m: Error logging in user: Введён неверный пароль
2025-07-24 18:31:23 [31merror[39m: Error logging in user: Введён неверный пароль
2025-07-24 18:31:30 [31merror[39m: Error logging in user: Введён неверный пароль
2025-07-24 18:31:31 [31merror[39m: Error logging in user: Введён неверный пароль
2025-07-24 18:31:34 [31merror[39m: Error logging in user: Введён неверный пароль
2025-07-24 18:32:41 [31merror[39m: Error logging in user: Введён неверный пароль
2025-07-24 18:32:42 [31merror[39m: Error logging in user: Введён неверный пароль
2025-07-24 18:32:43 [31merror[39m: Error logging in user: Введён неверный пароль
2025-07-24 18:32:44 [31merror[39m: Error logging in user: Введён неверный пароль
2025-07-24 18:32:51 [31merror[39m: Error logging in user: Введён неверный пароль
2025-07-24 18:33:01 [31merror[39m: Error logging in user: Введён неверный пароль
2025-07-24 18:33:01 [31merror[39m: Error logging in user: Введён неверный пароль
2025-07-24 18:33:02 [31merror[39m: Error logging in user: Введён неверный пароль
2025-07-24 18:33:02 [31merror[39m: Error logging in user: Введён неверный пароль
2025-07-24 18:33:03 [31merror[39m: Error logging in user: Введён неверный пароль
2025-07-24 18:33:03 [31merror[39m: Error logging in user: Введён неверный пароль
2025-07-24 18:33:03 [31merror[39m: Error logging in user: Введён неверный пароль
2025-07-24 18:33:03 [31merror[39m: Error logging in user: Введён неверный пароль
2025-07-24 18:33:04 [31merror[39m: Error logging in user: Введён неверный пароль
2025-07-24 18:33:05 [31merror[39m: Error logging in user: Введён неверный пароль
2025-07-24 18:33:06 [31merror[39m: Error logging in user: Введён неверный пароль
2025-07-24 18:33:07 [31merror[39m: Error logging in user: Введён неверный пароль
2025-07-24 18:33:07 [31merror[39m: Error logging in user: Введён неверный пароль
2025-07-24 18:33:07 [31merror[39m: Error logging in user: Введён неверный пароль
2025-07-24 18:33:20 [31merror[39m: Error logging in user: Введён неверный пароль
2025-07-24 18:33:20 [31merror[39m: Error logging in user: Введён неверный пароль
2025-07-24 18:33:22 [31merror[39m: Error logging in user: Введён неверный пароль
2025-07-24 18:33:22 [31merror[39m: Error logging in user: Введён неверный пароль
2025-07-24 18:33:23 [31merror[39m: Error logging in user: Введён неверный пароль
2025-07-24 18:33:24 [31merror[39m: Error logging in user: Введён неверный пароль
2025-07-24 18:33:26 [31merror[39m: Error logging in user: Введён неверный пароль
2025-07-24 18:33:26 [31merror[39m: Error logging in user: Введён неверный пароль
2025-07-24 18:33:30 [31merror[39m: Error logging in user: Введён неверный пароль
2025-07-24 18:33:34 [31merror[39m: Error logging in user: Введён неверный пароль
2025-07-24 18:33:34 [31merror[39m: Error logging in user: Введён неверный пароль
2025-07-24 18:33:35 [31merror[39m: Error logging in user: Введён неверный пароль
2025-07-24 18:33:35 [31merror[39m: Error logging in user: Введён неверный пароль
2025-07-24 18:33:36 [31merror[39m: Error logging in user: Введён неверный пароль
2025-07-24 18:33:36 [31merror[39m: Error logging in user: Введён неверный пароль
2025-07-24 18:33:37 [31merror[39m: Error logging in user: Введён неверный пароль
2025-07-24 18:33:37 [31merror[39m: Error logging in user: Введён неверный пароль
2025-07-24 18:33:37 [31merror[39m: Error logging in user: Введён неверный пароль
2025-07-24 18:33:37 [31merror[39m: Error logging in user: Введён неверный пароль
2025-07-24 18:33:38 [31merror[39m: Error logging in user: Введён неверный пароль
2025-07-24 18:33:38 [31merror[39m: Error logging in user: Введён неверный пароль
2025-07-24 18:33:38 [31merror[39m: Error logging in user: Введён неверный пароль
2025-07-24 18:33:39 [31merror[39m: Error logging in user: Введён неверный пароль
2025-07-24 18:33:40 [31merror[39m: Error logging in user: Введён неверный пароль
2025-07-24 18:33:40 [31merror[39m: Error logging in user: Введён неверный пароль
2025-07-24 18:33:40 [31merror[39m: Error logging in user: Введён неверный пароль
2025-07-24 18:33:41 [31merror[39m: Error logging in user: Введён неверный пароль
2025-07-24 18:33:41 [31merror[39m: Error logging in user: Введён неверный пароль
2025-07-24 18:33:41 [31merror[39m: Error logging in user: Введён неверный пароль
2025-07-24 18:33:41 [31merror[39m: Error logging in user: Введён неверный пароль
2025-07-24 18:33:41 [31merror[39m: Error logging in user: Введён неверный пароль
2025-07-24 18:33:42 [31merror[39m: Error logging in user: Введён неверный пароль
2025-07-24 18:33:43 [31merror[39m: Error logging in user: Введён неверный пароль
2025-07-24 18:33:43 [31merror[39m: Error logging in user: Введён неверный пароль
2025-07-24 18:52:28 [32minfo[39m: User logged in: admin
2025-07-24 19:07:34 [32minfo[39m: User logged in: admin
2025-07-24 19:11:19 [32minfo[39m: User logged in: admin
